2020-05-14 09:17:40,372 INFO PERFORMANCE:|0|0|-1|-1

2020-05-14 09:22:40,373 INFO PERFORMANCE:|0|0|-1|-1

2020-05-14 09:27:40,375 INFO PERFORMANCE:|0|0|-1|-1

2020-05-14 09:32:40,376 INFO PERFORMANCE:|0|0|-1|-1

2020-05-14 09:37:40,388 INFO PERFORMANCE:|0|0|-1|-1

2020-05-14 09:42:40,390 INFO PERFORMANCE:|0|0|-1|-1

2020-05-14 09:47:40,391 INFO PERFORMANCE:|0|0|-1|-1

2020-05-14 09:52:40,392 INFO PERFORMANCE:|0|0|-1|-1

2020-05-14 09:57:40,393 INFO PERFORMANCE:|0|0|-1|-1

2020-05-14 10:02:40,395 INFO PERFORMANCE:|0|0|-1|-1

2020-05-14 10:07:40,395 INFO PERFORMANCE:|0|0|-1|-1

2020-05-14 10:12:40,396 INFO PERFORMANCE:|0|0|-1|-1

2020-05-14 10:17:40,397 INFO PERFORMANCE:|0|0|-1|-1

2020-05-14 10:22:40,398 INFO PERFORMANCE:|1|0|-1|-1

2020-05-14 10:27:40,400 INFO PERFORMANCE:|1|0|-1|-1

2020-05-14 10:32:40,402 INFO PERFORMANCE:|1|1|-1|-1

2020-05-14 10:37:40,403 INFO PERFORMANCE:|1|1|-1|-1

2020-05-14 10:42:40,403 INFO PERFORMANCE:|1|1|-1|-1

2020-05-14 10:47:40,405 INFO PERFORMANCE:|1|1|-1|-1

2020-05-14 10:52:40,407 INFO PERFORMANCE:|1|1|-1|-1

2020-05-14 10:57:40,408 INFO PERFORMANCE:|1|1|-1|-1

2020-05-14 11:02:40,411 INFO PERFORMANCE:|1|1|-1|-1

2020-05-14 11:07:40,413 INFO PERFORMANCE:|1|1|-1|-1

2020-05-14 11:12:40,414 INFO PERFORMANCE:|2|3|-1|-1

2020-05-14 11:17:40,419 INFO PERFORMANCE:|2|3|-1|-1

2020-05-14 11:22:40,420 INFO PERFORMANCE:|2|3|-1|-1

2020-05-14 11:27:40,424 INFO PERFORMANCE:|2|3|-1|-1

2020-05-14 11:32:40,428 INFO PERFORMANCE:|2|3|-1|-1

2020-05-14 11:37:40,430 INFO PERFORMANCE:|2|3|-1|-1

2020-05-14 14:33:50,746 INFO PERFORMANCE:|0|0|-1|-1

2020-05-14 14:38:50,747 INFO PERFORMANCE:|1|0|-1|-1

2020-05-14 14:43:50,749 INFO PERFORMANCE:|1|0|-1|-1

2020-05-14 14:48:50,751 INFO PERFORMANCE:|1|0|-1|-1

2020-05-14 14:53:50,752 INFO PERFORMANCE:|1|0|-1|-1

2020-05-14 14:58:50,754 INFO PERFORMANCE:|1|0|-1|-1

2020-05-14 15:03:50,755 INFO PERFORMANCE:|1|0|-1|-1

2020-05-14 15:08:50,756 INFO PERFORMANCE:|1|0|-1|-1

2020-05-14 15:13:50,758 INFO PERFORMANCE:|1|0|-1|-1

2020-05-14 15:18:50,759 INFO PERFORMANCE:|1|0|-1|-1

2020-05-14 15:23:50,761 INFO PERFORMANCE:|1|0|-1|-1

2020-05-14 15:28:50,762 INFO PERFORMANCE:|1|0|-1|-1

2020-05-14 15:33:50,764 INFO PERFORMANCE:|1|0|-1|-1

2020-05-14 15:38:50,765 INFO PERFORMANCE:|1|0|-1|-1

2020-05-14 15:43:50,767 INFO PERFORMANCE:|1|0|-1|-1

2020-05-14 15:48:50,768 INFO PERFORMANCE:|1|0|-1|-1

2020-05-14 15:53:50,770 INFO PERFORMANCE:|1|1|-1|-1

2020-05-14 15:58:50,771 INFO PERFORMANCE:|1|1|-1|-1

2020-05-14 16:03:50,772 INFO PERFORMANCE:|1|1|-1|-1

2020-05-14 16:08:50,774 INFO PERFORMANCE:|1|1|-1|-1

2020-05-14 16:13:50,775 INFO PERFORMANCE:|1|1|-1|-1

2020-05-14 16:18:50,776 INFO PERFORMANCE:|1|0|-1|-1

2020-05-14 16:23:50,778 INFO PERFORMANCE:|2|1|-1|-1

2020-05-14 16:28:50,779 INFO PERFORMANCE:|2|0|-1|-1

